<?xml version="1.0" encoding="UTF-8"?>
<!-- Generated by org.testng.reporters.JUnitXMLReporter -->
<testsuite hostname="RLE0302" name="Toss-In&#039;s and Promotions" tests="1" failures="0" timestamp="21 Jun 2016 18:44:17 GMT" time="0.767" errors="0">
  <testcase name="@BeforeClass setUpClass" time="0.0" classname="com.scholastic.torque.runner.Run">
    <failure type="java.lang.NullPointerException">
      <![CDATA[java.lang.NullPointerException
	at java.io.File.<init>(File.java:277)
	at com.scholastic.torque.testng.TestNGCucumberRunner.<init>(TestNGCucumberRunner.java:55)
	at com.scholastic.torque.testng.AbstractTestNGCucumberTests.setUpClass(AbstractTestNGCucumberTests.java:25)
... Removed 24 stack frames]]>
    </failure>
  </testcase> <!-- @BeforeClass setUpClass -->
  <testcase name="@AfterClass tearDownClass" time="0.0" classname="com.scholastic.torque.runner.Run">
    <skipped/>
  </testcase> <!-- @AfterClass tearDownClass -->
  <testcase name="feature" time="0.0" classname="com.scholastic.torque.runner.Run">
    <skipped/>
  </testcase> <!-- feature -->
</testsuite> <!-- Toss-In's and Promotions -->
