<?xml version="1.0" encoding="UTF-8"?>
<!-- Generated by org.testng.reporters.JUnitXMLReporter -->
<testsuite hostname="RLE0517" name="Add New Partner Organisation" tests="7" failures="0" timestamp="6 Dec 2017 10:16:17 GMT" time="28.961" errors="0">
  <testcase name="login_to_application" time="5.559" classname="com.dw.api.automation.steps.AddNewPartnerOrganisationTest"/>
  <testcase name="enter_mpn_id" time="7.276" classname="com.dw.api.automation.steps.AddNewPartnerOrganisationTest"/>
  <testcase name="addNewPartnerOrganisation" time="7.245" classname="com.dw.api.automation.steps.AddNewPartnerOrganisationTest"/>
  <testcase name="orgApproveByBaM" time="3.358" classname="com.dw.api.automation.steps.AddNewPartnerOrganisationTest"/>
  <testcase name="orgBamSearch" time="1.059" classname="com.dw.api.automation.steps.AddNewPartnerOrganisationTest"/>
  <testcase name="loginToCAuser" time="3.477" classname="com.dw.api.automation.steps.AddNewPartnerOrganisationTest"/>
  <testcase name="orgApprovalByCA" time="0.344" classname="com.dw.api.automation.steps.AddNewPartnerOrganisationTest"/>
</testsuite> <!-- Add New Partner Organisation -->
