<?xml version="1.0" encoding="UTF-8"?>
<!-- Generated by org.testng.reporters.JUnitXMLReporter -->
<testsuite hostname="jagadeesh-ThinkPad-L450" name="Add New Partner Organisation" tests="7" failures="0" timestamp="13 Dec 2017 11:19:33 GMT" time="28.009" errors="0">
  <testcase name="login_to_application" time="6.063" classname="com.dw.api.automation.steps.AddNewPartnerOrganisationTest"/>
  <testcase name="enter_mpn_id" time="4.791" classname="com.dw.api.automation.steps.AddNewPartnerOrganisationTest"/>
  <testcase name="addNewPartnerOrganisation" time="7.155" classname="com.dw.api.automation.steps.AddNewPartnerOrganisationTest"/>
  <testcase name="orgApproveByBaM" time="3.823" classname="com.dw.api.automation.steps.AddNewPartnerOrganisationTest"/>
  <testcase name="orgBamSearch" time="1.038" classname="com.dw.api.automation.steps.AddNewPartnerOrganisationTest"/>
  <testcase name="loginToCAuser" time="4.246" classname="com.dw.api.automation.steps.AddNewPartnerOrganisationTest"/>
  <testcase name="orgApprovalByCA" time="0.315" classname="com.dw.api.automation.steps.AddNewPartnerOrganisationTest"/>
</testsuite> <!-- Add New Partner Organisation -->
