<?xml version="1.0" encoding="UTF-8"?>
<!-- Generated by org.testng.reporters.JUnitXMLReporter -->
<testsuite hostname="RLE0517" name="Customer On Boarding " tests="8" failures="0" timestamp="29 Dec 2017 13:52:37 GMT" time="50.15" errors="0">
  <testcase name="loginAsPm" time="2.15" classname="com.dw.api.automation.TestScripts.CustomerOnBoardingTest"/>
  <testcase name="verifyMpnId" time="7.369" classname="com.dw.api.automation.TestScripts.CustomerOnBoardingTest"/>
  <testcase name="addNewPartnerOrganisation" time="8.699" classname="com.dw.api.automation.TestScripts.CustomerOnBoardingTest"/>
  <testcase name="approveNewOrgByBAM" time="2.611" classname="com.dw.api.automation.TestScripts.CustomerOnBoardingTest"/>
  <testcase name="approveNewOrgByCA" time="4.994" classname="com.dw.api.automation.TestScripts.CustomerOnBoardingTest"/>
  <testcase name="createNewCustomer" time="19.977" classname="com.dw.api.automation.TestScripts.CustomerOnBoardingTest"/>
  <testcase name="getCustomerId" time="2.252" classname="com.dw.api.automation.TestScripts.CustomerOnBoardingTest"/>
  <testcase name="approveNewCustomerFromBam" time="1.982" classname="com.dw.api.automation.TestScripts.CustomerOnBoardingTest"/>
</testsuite> <!-- Customer On Boarding  -->
