<?xml version="1.0" encoding="UTF-8"?>
<!-- Generated by org.testng.reporters.JUnitXMLReporter -->
<testsuite hostname="RLE0517" name="Market Place And Contract Management" tests="4" failures="0" timestamp="29 Dec 2017 13:53:03 GMT" time="25.82" errors="0">
  <testcase name="loginAsPm" time="2.128" classname="com.dw.api.automation.TestScripts.MarketPlaceAndContractManagementTest"/>
  <testcase name="addBaseProductWithTwoLicenses" time="7.345" classname="com.dw.api.automation.TestScripts.MarketPlaceAndContractManagementTest"/>
  <testcase name="addAddOnProductWithOneLicenses" time="4.788" classname="com.dw.api.automation.TestScripts.MarketPlaceAndContractManagementTest"/>
  <testcase name="placeOrder" time="11.479" classname="com.dw.api.automation.TestScripts.MarketPlaceAndContractManagementTest"/>
</testsuite> <!-- Market Place And Contract Management -->
