<?xml version="1.0" encoding="UTF-8"?>
<!-- Generated by org.testng.reporters.JUnitXMLReporter -->
<testsuite hostname="RLE0517" name="Order Provision" tests="2" failures="0" timestamp="29 Dec 2017 13:53:09 GMT" time="6.4" errors="0">
  <testcase name="loginAsPm" time="1.711" classname="com.dw.api.automation.TestScripts.OrderProvisonTest"/>
  <testcase name="orderProvisionForBaseProduct" time="4.655" classname="com.dw.api.automation.TestScripts.OrderProvisonTest"/>
</testsuite> <!-- Order Provision -->
