<?xml version="1.0" encoding="UTF-8"?>
<!-- Generated by org.testng.reporters.JUnitXMLReporter -->
<testsuite hostname="RLE0517" name="second scenario" tests="2" failures="0" timestamp="28 Nov 2017 10:15:48 GMT" time="4.538" errors="0">
  <testcase name="login_to_application" time="3.322" classname="com.dw.api.automation.steps.ExistingOrgApiTest"/>
  <testcase name="validateExistingCustomer" time="1.121" classname="com.dw.api.automation.steps.ExistingOrgApiTest"/>
</testsuite> <!-- second scenario -->
