<?xml version="1.0" encoding="UTF-8"?>
<!-- Generated by org.testng.reporters.JUnitXMLReporter -->
<testsuite hostname="RLE0517" name="Test ALL Possible Logins" tests="3" failures="0" timestamp="29 Dec 2017 13:51:18 GMT" time="8.846" errors="0">
  <testcase name="loginAsPM" time="4.36" classname="com.dw.api.automation.TestScripts.LoginTest"/>
  <testcase name="loginAsBAM" time="1.973" classname="com.dw.api.automation.TestScripts.LoginTest"/>
  <testcase name="loginAsCA" time="1.849" classname="com.dw.api.automation.TestScripts.LoginTest"/>
</testsuite> <!-- Test ALL Possible Logins -->
