<?xml version="1.0" encoding="UTF-8"?>
<!-- Generated by org.testng.reporters.JUnitXMLReporter -->
<testsuite hostname="RLE0517" name="Use Case 1a:Validate mpn" tests="3" failures="0" timestamp="28 Nov 2017 11:58:48 GMT" time="12.931" errors="0">
  <testcase name="login_to_application" time="5.138" classname="com.dw.api.automation.steps.ValidateMpnTest"/>
  <testcase name="enter_mpn_id" time="7.025" classname="com.dw.api.automation.steps.ValidateMpnTest"/>
  <testcase name="mpn_id_is_validated" time="0.0" classname="com.dw.api.automation.steps.ValidateMpnTest"/>
</testsuite> <!-- Use Case 1a:Validate mpn -->
