<?xml version="1.0" encoding="UTF-8"?>
<!-- Generated by org.testng.reporters.JUnitXMLReporter -->
<testsuite hostname="RLE0517" name="Use Case 3:Customer Market place" tests="5" failures="0" timestamp="14 Dec 2017 12:50:29 GMT" time="44.363" errors="0">
  <testcase name="login_to_application" time="4.138" classname="com.dw.api.automation.steps.MarketPlaceTest"/>
  <testcase name="searchBaseProduct" time="0.491" classname="com.dw.api.automation.steps.MarketPlaceTest"/>
  <testcase name="addBaseProductWithFourLicenses" time="5.459" classname="com.dw.api.automation.steps.MarketPlaceTest"/>
  <testcase name="placeOrder" time="7.506" classname="com.dw.api.automation.steps.MarketPlaceTest"/>
  <testcase name="orderProvision" time="26.671" classname="com.dw.api.automation.steps.MarketPlaceTest"/>
</testsuite> <!-- Use Case 3:Customer Market place -->
