<?xml version="1.0" encoding="UTF-8"?>
<!-- Generated by org.testng.reporters.JUnitXMLReporter -->
<testsuite hostname="RLE0517" name="Use Case 5:Organization Credit Request and Approval" tests="5" failures="0" timestamp="14 Dec 2017 13:42:56 GMT" time="8.69" errors="0">
  <testcase name="login_to_application" time="3.733" classname="com.dw.api.automation.steps.OrganizationCreditRequestTest"/>
  <testcase name="getPartnerEntityid" time="0.481" classname="com.dw.api.automation.steps.OrganizationCreditRequestTest"/>
  <testcase name="orgCreditRequestPM" time="0.402" classname="com.dw.api.automation.steps.OrganizationCreditRequestTest"/>
  <testcase name="loginToCAuser" time="3.585" classname="com.dw.api.automation.steps.OrganizationCreditRequestTest"/>
  <testcase name="orgCreditApproveCA" time="0.404" classname="com.dw.api.automation.steps.OrganizationCreditRequestTest"/>
</testsuite> <!-- Use Case 5:Organization Credit Request and Approval -->
