<?xml version="1.0" encoding="UTF-8"?>
<!-- Generated by org.testng.reporters.JUnitXMLReporter -->
<testsuite hostname="RLE0517" name="Use Case 6:Customer Spend limit Update" tests="3" failures="0" timestamp="14 Dec 2017 13:43:00 GMT" time="4.559" errors="0">
  <testcase name="login_to_application" time="3.709" classname="com.dw.api.automation.steps.CustomerSpendLimitTest"/>
  <testcase name="getCustomerId" time="0.406" classname="com.dw.api.automation.steps.CustomerSpendLimitTest"/>
  <testcase name="updateCustomerSpendlimit" time="0.332" classname="com.dw.api.automation.steps.CustomerSpendLimitTest"/>
</testsuite> <!-- Use Case 6:Customer Spend limit Update -->
