<?xml version="1.0" encoding="UTF-8"?>
<!-- Generated by org.testng.reporters.JUnitXMLReporter -->
<testsuite hostname="RLE0517" name="Use Case 7:Create Coupon" tests="7" failures="0" timestamp="14 Dec 2017 13:43:10 GMT" time="9.321" errors="0">
  <testcase name="login_to_application" time="3.85" classname="com.dw.api.automation.steps.CreateCouponTest"/>
  <testcase name="getPartnerEntityid" time="0.511" classname="com.dw.api.automation.steps.CreateCouponTest"/>
  <testcase name="getCustomerId" time="0.408" classname="com.dw.api.automation.steps.CreateCouponTest"/>
  <testcase name="searchBaseProduct" time="0.515" classname="com.dw.api.automation.steps.CreateCouponTest"/>
  <testcase name="loginByBaM" time="3.066" classname="com.dw.api.automation.steps.CreateCouponTest"/>
  <testcase name="createCoupon" time="0.508" classname="com.dw.api.automation.steps.CreateCouponTest"/>
  <testcase name="getCouponCode" time="0.386" classname="com.dw.api.automation.steps.CreateCouponTest"/>
</testsuite> <!-- Use Case 7:Create Coupon -->
