<?xml version="1.0" encoding="UTF-8"?>
<!-- Generated by org.testng.reporters.JUnitXMLReporter -->
<testsuite hostname="jagadeesh-ThinkPad-L450" name="Use Case 2:Customer on boarding" tests="6" failures="0" timestamp="13 Dec 2017 11:20:00 GMT" time="26.307" errors="0">
  <testcase name="login_to_application" time="4.139" classname="com.dw.api.automation.steps.CustomerTest"/>
  <testcase name="getPartnerEntityid" time="0.53" classname="com.dw.api.automation.steps.CustomerTest"/>
  <testcase name="createNewCustomer" time="16.869" classname="com.dw.api.automation.steps.CustomerTest"/>
  <testcase name="loginByBaM" time="3.996" classname="com.dw.api.automation.steps.CustomerTest"/>
  <testcase name="getCustomerId" time="0.38" classname="com.dw.api.automation.steps.CustomerTest"/>
  <testcase name="approveCustomerFromBam" time="0.325" classname="com.dw.api.automation.steps.CustomerTest"/>
</testsuite> <!-- Use Case 2:Customer on boarding -->
