<?xml version="1.0" encoding="UTF-8"?>
<!-- Generated by org.testng.reporters.JUnitXMLReporter -->
<testsuite hostname="RLE0517" name="Use Case 1a: Login to  Mercury Tours page" tests="3" failures="0" timestamp="28 Nov 2017 05:47:55 GMT" time="6.003" errors="0">
  <testcase name="login_to_application" time="4.804" classname="com.dw.api.automation.steps.ValidateMpnTest"/>
  <testcase name="enter_mpn_id" time="0.453" classname="com.dw.api.automation.steps.ValidateMpnTest"/>
  <testcase name="mpn_id_is_validated" time="0.0" classname="com.dw.api.automation.steps.ValidateMpnTest"/>
</testsuite> <!-- Use Case 1a: Login to  Mercury Tours page -->
