<?xml version="1.0" encoding="UTF-8"?>
<!-- Generated by org.testng.reporters.JUnitXMLReporter -->
<testsuite hostname="jagadeesh-ThinkPad-L450" name="Use Case 4:Organization Credit Request and Approval" tests="5" failures="0" timestamp="13 Dec 2017 12:47:27 GMT" time="195.214" errors="0">
  <testcase name="login_to_application" time="3.262" classname="com.dw.api.automation.steps.OrganizationCreditRequestTest"/>
  <testcase name="getPartnerEntityid" time="0.558" classname="com.dw.api.automation.steps.OrganizationCreditRequestTest"/>
  <testcase name="orgCreditRequestPM" time="150.897" classname="com.dw.api.automation.steps.OrganizationCreditRequestTest"/>
  <testcase name="loginToCAuser" time="5.573" classname="com.dw.api.automation.steps.OrganizationCreditRequestTest"/>
  <testcase name="orgCreditApproveCA" time="1.305" classname="com.dw.api.automation.steps.OrganizationCreditRequestTest"/>
</testsuite> <!-- Use Case 4:Organization Credit Request and Approval -->
