<?xml version="1.0" encoding="UTF-8"?>
<!-- Generated by org.testng.reporters.JUnitXMLReporter -->
<testsuite hostname="jagadeesh-ThinkPad-L450" name="Use Case 5:Organization Credit Request and Approval" tests="5" failures="0" timestamp="13 Dec 2017 11:09:21 GMT" time="8.502" errors="0">
  <testcase name="login_to_application" time="3.213" classname="com.dw.api.automation.steps.OrganizationCreditRequestTest"/>
  <testcase name="getPartnerEntityid" time="0.402" classname="com.dw.api.automation.steps.OrganizationCreditRequestTest"/>
  <testcase name="orgCreditRequestPM" time="0.355" classname="com.dw.api.automation.steps.OrganizationCreditRequestTest"/>
  <testcase name="loginToCAuser" time="4.169" classname="com.dw.api.automation.steps.OrganizationCreditRequestTest"/>
  <testcase name="orgCreditApproveCA" time="0.305" classname="com.dw.api.automation.steps.OrganizationCreditRequestTest"/>
</testsuite> <!-- Use Case 5:Organization Credit Request and Approval -->
