<?xml version="1.0" encoding="UTF-8"?>
<!-- Generated by org.testng.reporters.JUnitXMLReporter -->
<testsuite hostname="jagadeesh-ThinkPad-L450" name="Use Case 5:Customer Spend limit Update" tests="3" failures="0" timestamp="13 Dec 2017 12:47:39 GMT" time="9.146" errors="0">
  <testcase name="login_to_application" time="5.36" classname="com.dw.api.automation.steps.CustomerSpendLimitTest"/>
  <testcase name="getCustomerId" time="2.072" classname="com.dw.api.automation.steps.CustomerSpendLimitTest"/>
  <testcase name="updateCustomerSpendlimit" time="1.234" classname="com.dw.api.automation.steps.CustomerSpendLimitTest"/>
</testsuite> <!-- Use Case 5:Customer Spend limit Update -->
