<?xml version="1.0" encoding="UTF-8"?>
<!-- Generated by org.testng.reporters.JUnitXMLReporter -->
<testsuite hostname="RLE0517" name="Use Case 3:Customer Market place" tests="6" failures="2" timestamp="13 Dec 2017 13:11:20 GMT" time="10.56" errors="0">
  <testcase name="login_to_application" time="3.89" classname="com.dw.api.automation.steps.MarketPlaceTest"/>
  <testcase name="searchBaseProduct" time="0.563" classname="com.dw.api.automation.steps.MarketPlaceTest"/>
  <testcase name="addBaseProductWithFourLicenses" time="3.257" classname="com.dw.api.automation.steps.MarketPlaceTest"/>
  <testcase name="addAddOnwithOneLicenses" time="1.801" classname="com.dw.api.automation.steps.MarketPlaceTest"/>
  <testcase name="placeOrder" time="0.433" classname="com.dw.api.automation.steps.MarketPlaceTest">
    <failure type="java.lang.NullPointerException">
      <![CDATA[java.lang.NullPointerException
	at com.dw.api.automation.steps.MarketPlaceTest.placeOrder(MarketPlaceTest.java:186)
... Removed 24 stack frames]]>
    </failure>
  </testcase> <!-- placeOrder -->
  <testcase name="orderProvision" time="0.522" classname="com.dw.api.automation.steps.MarketPlaceTest">
    <failure type="java.lang.NullPointerException">
      <![CDATA[java.lang.NullPointerException
	at com.dw.api.automation.libs.ParseJsonArray.parseJsonArray(ParseJsonArray.java:28)
	at com.dw.api.automation.steps.MarketPlaceTest.orderProvision(MarketPlaceTest.java:212)
... Removed 24 stack frames]]>
    </failure>
  </testcase> <!-- orderProvision -->
</testsuite> <!-- Use Case 3:Customer Market place -->
