<?xml version="1.0" encoding="UTF-8"?>
<!-- Generated by org.testng.reporters.JUnitXMLReporter -->
<testsuite hostname="jagadeesh-ThinkPad-L450" name="Use Case 5:Customer Spend limit Update" tests="3" failures="0" timestamp="13 Dec 2017 11:20:24 GMT" time="7.319" errors="0">
  <testcase name="login_to_application" time="4.505" classname="com.dw.api.automation.steps.CustomerSpendLimitTest"/>
  <testcase name="getCustomerId" time="2.413" classname="com.dw.api.automation.steps.CustomerSpendLimitTest"/>
  <testcase name="updateCustomerSpendlimit" time="0.357" classname="com.dw.api.automation.steps.CustomerSpendLimitTest"/>
</testsuite> <!-- Use Case 5:Customer Spend limit Update -->
