<?xml version="1.0" encoding="UTF-8"?>
<!-- Generated by org.testng.reporters.JUnitXMLReporter -->
<testsuite hostname="RLE0517" name="Use Case 6:Customer Market place" tests="5" failures="0" timestamp="14 Dec 2017 13:35:29 GMT" time="45.33" errors="0">
  <testcase name="login_to_application" time="4.03" classname="com.dw.api.automation.steps.MarketPlaceTest"/>
  <testcase name="searchBaseProduct" time="1.234" classname="com.dw.api.automation.steps.MarketPlaceTest"/>
  <testcase name="addBaseProductWithFourLicenses" time="5.828" classname="com.dw.api.automation.steps.MarketPlaceTest"/>
  <testcase name="placeOrder" time="6.242" classname="com.dw.api.automation.steps.MarketPlaceTest"/>
  <testcase name="orderProvision" time="27.848" classname="com.dw.api.automation.steps.MarketPlaceTest"/>
</testsuite> <!-- Use Case 6:Customer Market place -->
