<?xml version="1.0" encoding="UTF-8"?>
<!-- Generated by org.testng.reporters.JUnitXMLReporter -->
<testsuite hostname="jagadeesh-ThinkPad-L450" name="Use Case 6:Create Coupon" tests="7" failures="0" timestamp="13 Dec 2017 12:48:04 GMT" time="22.734" errors="0">
  <testcase name="login_to_application" time="5.356" classname="com.dw.api.automation.steps.CreateCouponTest"/>
  <testcase name="getPartnerEntityid" time="4.376" classname="com.dw.api.automation.steps.CreateCouponTest"/>
  <testcase name="getCustomerId" time="2.124" classname="com.dw.api.automation.steps.CreateCouponTest"/>
  <testcase name="searchBaseProduct" time="2.259" classname="com.dw.api.automation.steps.CreateCouponTest"/>
  <testcase name="loginByBaM" time="4.758" classname="com.dw.api.automation.steps.CreateCouponTest"/>
  <testcase name="createCoupon" time="1.225" classname="com.dw.api.automation.steps.CreateCouponTest"/>
  <testcase name="getCouponCode" time="2.119" classname="com.dw.api.automation.steps.CreateCouponTest"/>
</testsuite> <!-- Use Case 6:Create Coupon -->
