<?xml version="1.0" encoding="UTF-8"?>
<!-- Generated by org.testng.reporters.JUnitXMLReporter -->
<testsuite hostname="jagadeesh-ThinkPad-L450" name="Use Case 4:Create Coupon" tests="7" failures="0" timestamp="13 Dec 2017 06:35:41 GMT" time="8.57" errors="0">
  <testcase name="login_to_application" time="3.347" classname="com.dw.api.automation.steps.CreateCouponTest"/>
  <testcase name="getPartnerEntityid" time="0.38" classname="com.dw.api.automation.steps.CreateCouponTest"/>
  <testcase name="getCustomerId" time="0.321" classname="com.dw.api.automation.steps.CreateCouponTest"/>
  <testcase name="searchBaseProduct" time="0.395" classname="com.dw.api.automation.steps.CreateCouponTest"/>
  <testcase name="loginByBaM" time="3.004" classname="com.dw.api.automation.steps.CreateCouponTest"/>
  <testcase name="createCoupon" time="0.27" classname="com.dw.api.automation.steps.CreateCouponTest"/>
  <testcase name="getCouponCode" time="0.811" classname="com.dw.api.automation.steps.CreateCouponTest"/>
</testsuite> <!-- Use Case 4:Create Coupon -->
