<?xml version="1.0" encoding="UTF-8"?>
<!-- Generated by org.testng.reporters.JUnitXMLReporter -->
<testsuite hostname="RLE0517" name="Use Case 1a:Validate mpn" tests="2" failures="0" timestamp="28 Nov 2017 14:57:15 GMT" time="9.521" errors="0">
  <testcase name="login_to_application" time="3.21" classname="com.dw.api.automation.steps.ValidateMpnTest"/>
  <testcase name="enter_mpn_id" time="6.232" classname="com.dw.api.automation.steps.ValidateMpnTest"/>
</testsuite> <!-- Use Case 1a:Validate mpn -->
