<?xml version="1.0" encoding="UTF-8"?>
<!-- Generated by org.testng.reporters.JUnitXMLReporter -->
<testsuite hostname="RLE0517" name="Use Case 8: Market place" tests="5" failures="0" timestamp="14 Dec 2017 13:43:59 GMT" time="49.732" errors="0">
  <testcase name="login_to_application" time="3.327" classname="com.dw.api.automation.steps.MarketPlaceTest"/>
  <testcase name="searchBaseProduct" time="0.615" classname="com.dw.api.automation.steps.MarketPlaceTest"/>
  <testcase name="addBaseProductWithFourLicenses" time="5.726" classname="com.dw.api.automation.steps.MarketPlaceTest"/>
  <testcase name="placeOrder" time="6.445" classname="com.dw.api.automation.steps.MarketPlaceTest"/>
  <testcase name="orderProvision" time="33.51" classname="com.dw.api.automation.steps.MarketPlaceTest"/>
</testsuite> <!-- Use Case 8: Market place -->
