<?xml version="1.0" encoding="UTF-8"?>
<!-- Generated by org.testng.reporters.JUnitXMLReporter -->
<testsuite hostname="RLE0517" name="validate Existing Custome" tests="4" failures="0" timestamp="11 Dec 2017 11:43:19 GMT" time="6.133" errors="0">
  <testcase name="login_to_application" time="3.64" classname="com.dw.api.automation.steps.ExistingOrgApiTest"/>
  <testcase name="validateExistingCustomer" time="0.922" classname="com.dw.api.automation.steps.ExistingOrgApiTest"/>
  <testcase name="validateExistingCustomerWithWrongOrganisationName" time="0.742" classname="com.dw.api.automation.steps.ExistingOrgApiTest"/>
  <testcase name="validateExistingCustomerWithWrongCompanyCode" time="0.735" classname="com.dw.api.automation.steps.ExistingOrgApiTest"/>
</testsuite> <!-- validate Existing Custome -->
