<?xml version="1.0" encoding="UTF-8"?>
<testsuite name="TestSuite" time="23.302" tests="5" errors="0" skipped="0" failures="0">
  <properties>
[...]
</properties>
  <testcase name="login_to_application" classname="com.dw.api.automation.steps.ValidateMpnTest" time="5.317"/>
  <testcase name="enter_mpn_id" classname="com.dw.api.automation.steps.ValidateMpnTest" time="13.477"/>
  <testcase name="mpn_id_is_validated" classname="com.dw.api.automation.steps.ValidateMpnTest" time="0"/>
  <testcase name="login_to_application" classname="com.dw.api.automation.steps.ExistingOrgApiTest" time="3.247"/>
  <testcase name="validateExistingCustomer" classname="com.dw.api.automation.steps.ExistingOrgApiTest" time="1.261"/>
</testsuite>