<?xml version="1.0" encoding="UTF-8"?>
<testng-results skipped="0" failed="0" total="5" passed="5">
  <reporter-output>
  </reporter-output>
  <suite name="Automation" duration-ms="17625" started-at="2017-11-28T11:58:35Z" finished-at="2017-11-28T11:58:52Z">
    <groups>
    </groups>
    <test name="Use Case 1a:Validate mpn" duration-ms="12931" started-at="2017-11-28T11:58:35Z" finished-at="2017-11-28T11:58:48Z">
      <class name="com.dw.api.automation.steps.ValidateMpnTest">
        <test-method status="PASS" signature="initateExtentManager()[pri:0, instance:com.dw.api.automation.steps.ValidateMpnTest@57855c9a]" name="initateExtentManager" is-config="true" duration-ms="328" started-at="2017-11-28T17:28:35Z" finished-at="2017-11-28T17:28:35Z">
          <reporter-output>
          </reporter-output>
        </test-method> <!-- initateExtentManager -->
        <test-method status="PASS" signature="login_to_application()[pri:1, instance:com.dw.api.automation.steps.ValidateMpnTest@57855c9a]" name="login_to_application" duration-ms="5138" started-at="2017-11-28T17:28:35Z" finished-at="2017-11-28T17:28:40Z">
          <reporter-output>
          </reporter-output>
        </test-method> <!-- login_to_application -->
        <test-method status="PASS" signature="afterMethod(org.testng.ITestResult)[pri:0, instance:com.dw.api.automation.steps.ValidateMpnTest@57855c9a]" name="afterMethod" is-config="true" duration-ms="0" started-at="2017-11-28T17:28:40Z" finished-at="2017-11-28T17:28:40Z">
          <params>
            <param index="0">
              <value>
                <![CDATA[[TestResult name=login_to_application status=SUCCESS method=ValidateMpnTest.login_to_application()[pri:1, instance:com.dw.api.automation.steps.ValidateMpnTest@57855c9a] output={null}]]]>
              </value>
            </param>
          </params>
          <reporter-output>
          </reporter-output>
        </test-method> <!-- afterMethod -->
        <test-method status="PASS" signature="enter_mpn_id()[pri:2, instance:com.dw.api.automation.steps.ValidateMpnTest@57855c9a]" name="enter_mpn_id" duration-ms="7025" started-at="2017-11-28T17:28:40Z" finished-at="2017-11-28T17:28:47Z">
          <reporter-output>
          </reporter-output>
        </test-method> <!-- enter_mpn_id -->
        <test-method status="PASS" signature="mpn_id_is_validated()[pri:3, instance:com.dw.api.automation.steps.ValidateMpnTest@57855c9a]" name="mpn_id_is_validated" duration-ms="0" started-at="2017-11-28T17:28:47Z" finished-at="2017-11-28T17:28:47Z">
          <reporter-output>
          </reporter-output>
        </test-method> <!-- mpn_id_is_validated -->
        <test-method status="PASS" signature="afterMethod(org.testng.ITestResult)[pri:0, instance:com.dw.api.automation.steps.ValidateMpnTest@57855c9a]" name="afterMethod" is-config="true" duration-ms="15" started-at="2017-11-28T17:28:47Z" finished-at="2017-11-28T17:28:47Z">
          <params>
            <param index="0">
              <value>
                <![CDATA[[TestResult name=mpn_id_is_validated status=SUCCESS method=ValidateMpnTest.mpn_id_is_validated()[pri:3, instance:com.dw.api.automation.steps.ValidateMpnTest@57855c9a] output={null}]]]>
              </value>
            </param>
          </params>
          <reporter-output>
          </reporter-output>
        </test-method> <!-- afterMethod -->
        <test-method status="PASS" signature="afterMethod(org.testng.ITestResult)[pri:0, instance:com.dw.api.automation.steps.ValidateMpnTest@57855c9a]" name="afterMethod" is-config="true" duration-ms="0" started-at="2017-11-28T17:28:47Z" finished-at="2017-11-28T17:28:47Z">
          <params>
            <param index="0">
              <value>
                <![CDATA[[TestResult name=enter_mpn_id status=SUCCESS method=ValidateMpnTest.enter_mpn_id()[pri:2, instance:com.dw.api.automation.steps.ValidateMpnTest@57855c9a] output={null}]]]>
              </value>
            </param>
          </params>
          <reporter-output>
          </reporter-output>
        </test-method> <!-- afterMethod -->
        <test-method status="PASS" signature="tear()[pri:0, instance:com.dw.api.automation.steps.ValidateMpnTest@57855c9a]" name="tear" is-config="true" duration-ms="405" started-at="2017-11-28T17:28:47Z" finished-at="2017-11-28T17:28:48Z">
          <reporter-output>
          </reporter-output>
        </test-method> <!-- tear -->
      </class> <!-- com.dw.api.automation.steps.ValidateMpnTest -->
    </test> <!-- Use Case 1a:Validate mpn -->
    <test name="second scenario" duration-ms="4679" started-at="2017-11-28T11:58:48Z" finished-at="2017-11-28T11:58:52Z">
      <class name="com.dw.api.automation.steps.ExistingOrgApiTest">
        <test-method status="PASS" signature="initateExtentManager()[pri:0, instance:com.dw.api.automation.steps.ExistingOrgApiTest@3fd7a715]" name="initateExtentManager" is-config="true" duration-ms="0" started-at="2017-11-28T17:28:48Z" finished-at="2017-11-28T17:28:48Z">
          <reporter-output>
          </reporter-output>
        </test-method> <!-- initateExtentManager -->
        <test-method status="PASS" signature="login_to_application()[pri:1, instance:com.dw.api.automation.steps.ExistingOrgApiTest@3fd7a715]" name="login_to_application" duration-ms="3356" started-at="2017-11-28T17:28:48Z" finished-at="2017-11-28T17:28:51Z">
          <reporter-output>
          </reporter-output>
        </test-method> <!-- login_to_application -->
        <test-method status="PASS" signature="afterMethod(org.testng.ITestResult)[pri:0, instance:com.dw.api.automation.steps.ExistingOrgApiTest@3fd7a715]" name="afterMethod" is-config="true" duration-ms="0" started-at="2017-11-28T17:28:51Z" finished-at="2017-11-28T17:28:51Z">
          <params>
            <param index="0">
              <value>
                <![CDATA[[TestResult name=login_to_application status=SUCCESS method=ExistingOrgApiTest.login_to_application()[pri:1, instance:com.dw.api.automation.steps.ExistingOrgApiTest@3fd7a715] output={null}]]]>
              </value>
            </param>
          </params>
          <reporter-output>
          </reporter-output>
        </test-method> <!-- afterMethod -->
        <test-method status="PASS" signature="validateExistingCustomer()[pri:3, instance:com.dw.api.automation.steps.ExistingOrgApiTest@3fd7a715]" name="validateExistingCustomer" duration-ms="1228" started-at="2017-11-28T17:28:51Z" finished-at="2017-11-28T17:28:52Z">
          <reporter-output>
          </reporter-output>
        </test-method> <!-- validateExistingCustomer -->
        <test-method status="PASS" signature="tear()[pri:0, instance:com.dw.api.automation.steps.ExistingOrgApiTest@3fd7a715]" name="tear" is-config="true" duration-ms="94" started-at="2017-11-28T17:28:52Z" finished-at="2017-11-28T17:28:52Z">
          <reporter-output>
          </reporter-output>
        </test-method> <!-- tear -->
        <test-method status="PASS" signature="afterMethod(org.testng.ITestResult)[pri:0, instance:com.dw.api.automation.steps.ExistingOrgApiTest@3fd7a715]" name="afterMethod" is-config="true" duration-ms="0" started-at="2017-11-28T17:28:52Z" finished-at="2017-11-28T17:28:52Z">
          <params>
            <param index="0">
              <value>
                <![CDATA[[TestResult name=validateExistingCustomer status=SUCCESS method=ExistingOrgApiTest.validateExistingCustomer()[pri:3, instance:com.dw.api.automation.steps.ExistingOrgApiTest@3fd7a715] output={null}]]]>
              </value>
            </param>
          </params>
          <reporter-output>
          </reporter-output>
        </test-method> <!-- afterMethod -->
      </class> <!-- com.dw.api.automation.steps.ExistingOrgApiTest -->
    </test> <!-- second scenario -->
  </suite> <!-- Automation -->
</testng-results>
