<?xml version="1.0" encoding="UTF-8"?>
<!-- Generated by org.testng.reporters.JUnitXMLReporter -->
<testsuite hostname="RLE0517" name="second scenario" tests="2" failures="0" timestamp="28 Nov 2017 11:21:49 GMT" time="4.57" errors="0">
  <testcase name="login_to_application" time="3.199" classname="com.dw.api.automation.steps.ExistingOrgApiTest"/>
  <testcase name="validateExistingCustomer" time="1.307" classname="com.dw.api.automation.steps.ExistingOrgApiTest"/>
</testsuite> <!-- second scenario -->
