<?xml version="1.0" encoding="UTF-8"?>
<!-- Generated by org.testng.reporters.JUnitXMLReporter -->
<testsuite hostname="RLE0517" name="Use Case 1a:Validate mpn" tests="3" failures="0" timestamp="28 Nov 2017 12:20:52 GMT" time="12.756" errors="0">
  <testcase name="login_to_application" time="4.929" classname="com.dw.api.automation.steps.ValidateMpnTest"/>
  <testcase name="enter_mpn_id" time="6.88" classname="com.dw.api.automation.steps.ValidateMpnTest"/>
  <testcase name="mpn_id_is_validated" time="0.0" classname="com.dw.api.automation.steps.ValidateMpnTest"/>
</testsuite> <!-- Use Case 1a:Validate mpn -->
